#
# A fatal error has been detected by the Java Runtime Environment:
#
#  EXCEPTION_ACCESS_VIOLATION (0xc0000005) at pc=0x00007ffa8e631deb, pid=2052, tid=7564
#
# JRE version: OpenJDK Runtime Environment (15.0.2+7) (build 15.0.2+7-27)
# Java VM: OpenJDK 64-Bit Server VM (15.0.2+7-27, mixed mode, tiered, compressed oops, g1 gc, windows-amd64)
# Problematic frame:
# V  [jvm.dll+0x651deb]
#
# No core dump will be written. Minidumps are not enabled by default on client versions of Windows
#
# If you would like to submit a bug report, please visit:
#   https://bugreport.java.com/bugreport/crash.jsp
#

---------------  S U M M A R Y ------------

Command Line: -ea -Dfile.encoding=UTF-8 -XX:+ShowCodeDetailsInExceptionMessages org.eclipse.jdt.internal.junit.runner.RemoteTestRunner -version 3 -port 57608 -testLoaderClass org.eclipse.jdt.internal.junit5.runner.JUnit5TestLoader -loaderpluginname org.eclipse.jdt.junit5.runtime -packageNameFile C:\Users\wagne\AppData\Local\Temp\packageNames15561821554770336392.txt

Host: Intel(R) Core(TM) i7-2600K CPU @ 3.40GHz, 8 cores, 11G,  Windows 10 , 64 bit Build 19041 (10.0.19041.928)
Time: Sat May 29 17:31:12 2021 Hora oficial do Brasil elapsed time: 3.150263 seconds (0d 0h 0m 3s)

---------------  T H R E A D  ---------------

Current thread (0x00000165c12397e0):  JavaThread "C2 CompilerThread2" daemon [_thread_in_native, id=7564, stack(0x0000000b4ea00000,0x0000000b4eb00000)]


Current CompileTask:
C2:   3150 3365       4       org.springframework.core.ResolvableType::forType (115 bytes)

Stack: [0x0000000b4ea00000,0x0000000b4eb00000],  sp=0x0000000b4eafb9c0,  free space=1006k
Native frames: (J=compiled Java code, j=interpreted, Vv=VM code, C=native code)
V  [jvm.dll+0x651deb]
V  [jvm.dll+0x1f45fc]
V  [jvm.dll+0x1ebccc]
V  [jvm.dll+0x1e9867]
V  [jvm.dll+0x178567]
V  [jvm.dll+0x1f9225]
V  [jvm.dll+0x1f72cc]
V  [jvm.dll+0x74495d]
V  [jvm.dll+0x73d75a]
V  [jvm.dll+0x629c56]
C  [ucrtbase.dll+0x21bb2]
C  [KERNEL32.DLL+0x17034]
C  [ntdll.dll+0x52651]


siginfo: EXCEPTION_ACCESS_VIOLATION (0xc0000005), reading address 0x0000000000800000


Register to memory mapping:

RIP=0x00007ffa8e631deb jvm.dll
RAX=0x00000165c57602a0 points into unknown readable memory: 0x00000165bfc8d340 | 40 d3 c8 bf 65 01 00 00
RBX=0x0000000b4eafbc30 is pointing into the stack for thread: 0x00000165c12397e0
RCX=0x0000000000800000 is an unknown value
RDX=0x0000000b4eafe9f0 is pointing into the stack for thread: 0x00000165c12397e0
RSP=0x0000000b4eafb9c0 is pointing into the stack for thread: 0x00000165c12397e0
RBP=0x0000000b4eafbbb0 is pointing into the stack for thread: 0x00000165c12397e0
RSI=0x0000000000005663 is an unknown value
RDI=0x000000000000001f is an unknown value
R8 =0x00007ffa8e8c72e8 jvm.dll
R9 =0x0 is NULL
R10=0x0000000000006879 is an unknown value
R11=0x0000000000007fff is an unknown value
R12=0x0 is NULL
R13=0x0000000b4eafbc30 is pointing into the stack for thread: 0x00000165c12397e0
R14=0x000000000002b318 is an unknown value
R15=0x00000165bfc8d7b0 points into unknown readable memory: 0x00007ffa8e8c68f8 | f8 68 8c 8e fa 7f 00 00


Registers:
RAX=0x00000165c57602a0, RBX=0x0000000b4eafbc30, RCX=0x0000000000800000, RDX=0x0000000b4eafe9f0
RSP=0x0000000b4eafb9c0, RBP=0x0000000b4eafbbb0, RSI=0x0000000000005663, RDI=0x000000000000001f
R8 =0x00007ffa8e8c72e8, R9 =0x0000000000000000, R10=0x0000000000006879, R11=0x0000000000007fff
R12=0x0000000000000000, R13=0x0000000b4eafbc30, R14=0x000000000002b318, R15=0x00000165bfc8d7b0
RIP=0x00007ffa8e631deb, EFLAGS=0x0000000000010206

Top of Stack: (sp=0x0000000b4eafb9c0)
0x0000000b4eafb9c0:   0000000b4eafbc30 0000000000005188
0x0000000b4eafb9d0:   00000165c1338780 00007ffa8e7350a9
0x0000000b4eafb9e0:   00000165c4d6c598 0000000000000012
0x0000000b4eafb9f0:   00000000000027be 000000000000002b
0x0000000b4eafba00:   00000165bfe5ff80 00007ffa8e1d45fc
0x0000000b4eafba10:   0000000b4eafbbb0 000000000000001f
0x0000000b4eafba20:   00000165bfc69b00 00000165c238f3e0
0x0000000b4eafba30:   00000165c23e87f0 00007ffa00004000
0x0000000b4eafba40:   00000165c2576da0 0000000b000027be
0x0000000b4eafba50:   0000000000000400 00000165c0ab6090
0x0000000b4eafba60:   0000000b00000400 00000165c23e87f0
0x0000000b4eafba70:   0000000b00000000 0000000000000001
0x0000000b4eafba80:   00000165c238f3e0 00000165bfc69b00
0x0000000b4eafba90:   0000000000000040 00000165c23e87f0
0x0000000b4eafbaa0:   0000000000000000 00007ffa8e1cbccc
0x0000000b4eafbab0:   0000000b4eafe770 0000000b4eafbbb0 

Instructions: (pc=0x00007ffa8e631deb)
0x00007ffa8e631ceb:   c0 08 48 3b ca 7c ef eb 0d 48 8d 54 24 50 49 8b
0x00007ffa8e631cfb:   c8 e8 2f ad b2 ff 48 8b 06 48 8b ce ff 10 3d e2
0x00007ffa8e631d0b:   00 00 00 75 40 49 8b 46 10 33 c9 48 89 74 24 50
0x00007ffa8e631d1b:   4c 8b 80 a0 01 00 00 49 63 00 85 c0 7e 27 48 8b
0x00007ffa8e631d2b:   d0 49 8b 40 18 48 39 30 74 0e 48 ff c1 48 83 c0
0x00007ffa8e631d3b:   08 48 3b ca 7c ef eb 0d 48 8d 54 24 50 49 8b c8
0x00007ffa8e631d4b:   e8 e0 ac b2 ff 48 8b 05 09 1d 40 00 48 8b d6 48
0x00007ffa8e631d5b:   8b 48 28 48 8b 01 ff 90 b0 00 00 00 49 8b 04 24
0x00007ffa8e631d6b:   41 bd 00 40 00 00 49 3b 44 24 10 0f 83 b4 fb ff
0x00007ffa8e631d7b:   ff 4c 8b 7c 24 20 4c 8b 6c 24 28 48 8b 7c 24 68
0x00007ffa8e631d8b:   48 8b 74 24 60 48 8b 6c 24 58 48 83 c4 30 41 5e
0x00007ffa8e631d9b:   41 5c 5b c3 cc 40 53 56 41 54 48 83 ec 30 45 33
0x00007ffa8e631dab:   e4 48 8b d9 41 8b f4 44 39 61 48 0f 86 29 01 00
0x00007ffa8e631dbb:   00 48 89 6c 24 50 48 89 7c 24 58 4c 89 74 24 60
0x00007ffa8e631dcb:   4c 89 7c 24 68 8b c6 4c 8d 34 c5 00 00 00 00 48
0x00007ffa8e631ddb:   8b 43 50 49 8b 0c 06 48 85 c9 0f 84 db 00 00 00
0x00007ffa8e631deb:   48 8b 01 ff 90 80 00 00 00 8b 4b 48 4c 8b f8 3b
0x00007ffa8e631dfb:   f1 0f 82 bc 00 00 00 85 c9 75 51 48 8b 7b 40 c7
0x00007ffa8e631e0b:   43 48 01 00 00 00 48 8b 47 18 48 83 f8 ef 76 16
0x00007ffa8e631e1b:   8d 51 10 48 8b cf 4c 8d 05 48 51 1f 00 e8 63 6b
0x00007ffa8e631e2b:   a4 ff 48 8b 47 18 48 8d 48 10 48 3b 4f 20 76 11
0x00007ffa8e631e3b:   45 33 c0 48 8b cf 41 8d 50 10 e8 96 67 a4 ff eb
0x00007ffa8e631e4b:   04 48 89 4f 18 48 89 43 50 4c 89 20 8b 6b 48 8d
0x00007ffa8e631e5b:   56 01 85 d2 74 04 85 d6 74 18 0f bd c2 ba 1f 00
0x00007ffa8e631e6b:   00 00 b9 20 00 00 00 2b d0 2a ca ba 01 00 00 00
0x00007ffa8e631e7b:   d3 e2 48 8b 4b 40 48 8d 3c ed 00 00 00 00 44 8b
0x00007ffa8e631e8b:   ca 4c 8b c7 89 53 48 48 8b 53 50 49 c1 e1 03 44
0x00007ffa8e631e9b:   89 64 24 20 e8 0c 61 a4 ff 44 8b 43 48 33 d2 44
0x00007ffa8e631eab:   2b c5 48 89 43 50 49 c1 e0 03 48 8d 0c 07 e8 a4
0x00007ffa8e631ebb:   7e 18 00 48 8b 43 50 4d 89 3c 06 ff c6 3b 73 48
0x00007ffa8e631ecb:   0f 82 ff fe ff ff 4c 8b 7c 24 68 4c 8b 74 24 60
0x00007ffa8e631edb:   48 8b 7c 24 58 48 8b 6c 24 50 48 83 c4 30 41 5c 


Stack slot to memory mapping:
stack at sp + 0 slots: 0x0000000b4eafbc30 is pointing into the stack for thread: 0x00000165c12397e0
stack at sp + 1 slots: 0x0000000000005188 is an unknown value
stack at sp + 2 slots: 0x00000165c1338780 points into unknown readable memory: 0x00007ffa8e8c77a8 | a8 77 8c 8e fa 7f 00 00
stack at sp + 3 slots: 0x00007ffa8e7350a9 jvm.dll
stack at sp + 4 slots: 0x00000165c4d6c598 points into unknown readable memory: 0x00007ffa8e8c72e8 | e8 72 8c 8e fa 7f 00 00
stack at sp + 5 slots: 0x0000000000000012 is an unknown value
stack at sp + 6 slots: 0x00000000000027be is an unknown value
stack at sp + 7 slots: 0x000000000000002b is an unknown value


---------------  P R O C E S S  ---------------

Threads class SMR info:
_java_thread_list=0x00000165c152ebc0, length=14, elements={
0x00000165a2ee5a60, 0x00000165bfc04130, 0x00000165bfc07290, 0x00000165bfc456c0,
0x00000165bfc45f80, 0x00000165bfc47850, 0x00000165bfc4fd30, 0x00000165bfc3c3d0,
0x00000165bfc68600, 0x00000165bfdc0340, 0x00000165bfdc4c20, 0x00000165c03f9c50,
0x00000165c052a8f0, 0x00000165c12397e0
}

Java Threads: ( => current thread )
  0x00000165a2ee5a60 JavaThread "main" [_thread_in_vm, id=4056, stack(0x0000000b4cf00000,0x0000000b4d000000)]
  0x00000165bfc04130 JavaThread "Reference Handler" daemon [_thread_blocked, id=8452, stack(0x0000000b4d600000,0x0000000b4d700000)]
  0x00000165bfc07290 JavaThread "Finalizer" daemon [_thread_blocked, id=8908, stack(0x0000000b4d700000,0x0000000b4d800000)]
  0x00000165bfc456c0 JavaThread "Signal Dispatcher" daemon [_thread_blocked, id=6076, stack(0x0000000b4d800000,0x0000000b4d900000)]
  0x00000165bfc45f80 JavaThread "Attach Listener" daemon [_thread_blocked, id=5940, stack(0x0000000b4d900000,0x0000000b4da00000)]
  0x00000165bfc47850 JavaThread "Service Thread" daemon [_thread_blocked, id=12928, stack(0x0000000b4da00000,0x0000000b4db00000)]
  0x00000165bfc4fd30 JavaThread "C2 CompilerThread0" daemon [_thread_in_native, id=4276, stack(0x0000000b4db00000,0x0000000b4dc00000)]
  0x00000165bfc3c3d0 JavaThread "C1 CompilerThread0" daemon [_thread_blocked, id=8240, stack(0x0000000b4dc00000,0x0000000b4dd00000)]
  0x00000165bfc68600 JavaThread "Sweeper thread" daemon [_thread_blocked, id=5676, stack(0x0000000b4dd00000,0x0000000b4de00000)]
  0x00000165bfdc0340 JavaThread "Notification Thread" daemon [_thread_blocked, id=10740, stack(0x0000000b4de00000,0x0000000b4df00000)]
  0x00000165bfdc4c20 JavaThread "Common-Cleaner" daemon [_thread_blocked, id=10456, stack(0x0000000b4e000000,0x0000000b4e100000)]
  0x00000165c03f9c50 JavaThread "ReaderThread" [_thread_in_native, id=11564, stack(0x0000000b4e100000,0x0000000b4e200000)]
  0x00000165c052a8f0 JavaThread "C2 CompilerThread1" daemon [_thread_in_native, id=7184, stack(0x0000000b4e200000,0x0000000b4e300000)]
=>0x00000165c12397e0 JavaThread "C2 CompilerThread2" daemon [_thread_in_native, id=7564, stack(0x0000000b4ea00000,0x0000000b4eb00000)]

Other Threads:
  0x00000165bfbcaff0 VMThread "VM Thread" [stack: 0x0000000b4d500000,0x0000000b4d600000] [id=5132]
  0x00000165bfd5cac0 WatcherThread [stack: 0x0000000b4df00000,0x0000000b4e000000] [id=4076]
  0x00000165a2f28010 GCTaskThread "GC Thread#0" [stack: 0x0000000b4d000000,0x0000000b4d100000] [id=9900]
  0x00000165bfda86c0 GCTaskThread "GC Thread#1" [stack: 0x0000000b4e300000,0x0000000b4e400000] [id=9448]
  0x00000165bfdabcf0 GCTaskThread "GC Thread#2" [stack: 0x0000000b4e400000,0x0000000b4e500000] [id=12184]
  0x00000165bfda89f0 GCTaskThread "GC Thread#3" [stack: 0x0000000b4e500000,0x0000000b4e600000] [id=8960]
  0x00000165bfda9050 GCTaskThread "GC Thread#4" [stack: 0x0000000b4e700000,0x0000000b4e800000] [id=10468]
  0x00000165c2411650 GCTaskThread "GC Thread#5" [stack: 0x0000000b4e800000,0x0000000b4e900000] [id=11276]
  0x00000165a2f35150 ConcurrentGCThread "G1 Main Marker" [stack: 0x0000000b4d100000,0x0000000b4d200000] [id=7744]
  0x00000165a2f37c70 ConcurrentGCThread "G1 Conc#0" [stack: 0x0000000b4d200000,0x0000000b4d300000] [id=10156]
  0x00000165c2413fc0 ConcurrentGCThread "G1 Conc#1" [stack: 0x0000000b4e900000,0x0000000b4ea00000] [id=760]
  0x00000165a2fa6d80 ConcurrentGCThread "G1 Refine#0" [stack: 0x0000000b4d300000,0x0000000b4d400000] [id=3568]
  0x00000165a2fa85e0 ConcurrentGCThread "G1 Young RemSet Sampling" [stack: 0x0000000b4d400000,0x0000000b4d500000] [id=7396]

Threads with active compile tasks:
C2 CompilerThread0     3207 3441       4       org.springframework.beans.factory.support.AbstractBeanFactory::isTypeMatch (607 bytes)
C1 CompilerThread0     3207 3573       3       java.lang.String::regionMatches (189 bytes)
C2 CompilerThread1     3207 3404       4       org.springframework.boot.context.properties.source.ConfigurationPropertyName$ElementsParser::parse (234 bytes)
C2 CompilerThread2     3207 3365       4       org.springframework.core.ResolvableType::forType (115 bytes)

VM state: not at safepoint (normal execution)

VM Mutex/Monitor currently owned by a thread: None

Heap address: 0x0000000748400000, size: 2940 MB, Compressed Oops mode: Zero based, Oop shift amount: 3
CDS disabled.
Compressed class space mapped at: 0x0000000800000000-0x0000000840000000, size: 1073741824
Narrow klass base: 0x0000000800000000, Narrow klass shift: 0, Narrow klass range: 0x40000000

GC Precious Log:
 CPUs: 8 total, 8 available
 Memory: 11759M
 Large Page Support: Disabled
 NUMA Support: Disabled
 Compressed Oops: Enabled (Zero based)
 Heap Region Size: 2M
 Heap Min Capacity: 8M
 Heap Initial Capacity: 184M
 Heap Max Capacity: 2940M
 Pre-touch: Disabled
 Parallel Workers: 8
 Concurrent Workers: 2
 Concurrent Refinement Workers: 8
 Periodic GC: Disabled

Heap:
 garbage-first heap   total 59392K, used 14800K [0x0000000748400000, 0x0000000800000000)
  region size 2048K, 3 young (6144K), 2 survivors (4096K)
 Metaspace       used 35749K, capacity 36120K, committed 36432K, reserved 1081344K
  class space    used 4178K, capacity 4315K, committed 4352K, reserved 1048576K

Heap Regions: E=young(eden), S=young(survivor), O=old, HS=humongous(starts), HC=humongous(continues), CS=collection set, F=free, OA=open archive, CA=closed archive, TAMS=top-at-mark-start (previous, next)
|   0|0x0000000748400000, 0x0000000748600000, 0x0000000748600000|100%| O|  |TAMS 0x0000000748600000, 0x0000000748600000| Untracked 
|   1|0x0000000748600000, 0x0000000748800000, 0x0000000748800000|100%| O|  |TAMS 0x0000000748800000, 0x0000000748800000| Untracked 
|   2|0x0000000748800000, 0x0000000748a00000, 0x0000000748a00000|100%| O|  |TAMS 0x0000000748a00000, 0x0000000748a00000| Untracked 
|   3|0x0000000748a00000, 0x0000000748a41a00, 0x0000000748c00000| 12%| O|  |TAMS 0x0000000748a41a00, 0x0000000748a41a00| Untracked 
|   4|0x0000000748c00000, 0x0000000748e00000, 0x0000000748e00000|100%| O|  |TAMS 0x0000000748c00000, 0x0000000748e00000| Untracked 
|   5|0x0000000748e00000, 0x0000000749000000, 0x0000000749000000|100%| O|  |TAMS 0x0000000748e00000, 0x0000000749000000| Untracked 
|   6|0x0000000749000000, 0x00000007491e7600, 0x0000000749200000| 95%| O|  |TAMS 0x0000000749000000, 0x0000000749081e00| Untracked 
|   7|0x0000000749200000, 0x0000000749200000, 0x0000000749400000|  0%| F|  |TAMS 0x0000000749200000, 0x0000000749200000| Untracked 
|   8|0x0000000749400000, 0x0000000749400000, 0x0000000749600000|  0%| F|  |TAMS 0x0000000749400000, 0x0000000749400000| Untracked 
|   9|0x0000000749600000, 0x0000000749600000, 0x0000000749800000|  0%| F|  |TAMS 0x0000000749600000, 0x0000000749600000| Untracked 
|  10|0x0000000749800000, 0x0000000749800000, 0x0000000749a00000|  0%| F|  |TAMS 0x0000000749800000, 0x0000000749800000| Untracked 
|  11|0x0000000749a00000, 0x0000000749a00000, 0x0000000749c00000|  0%| F|  |TAMS 0x0000000749a00000, 0x0000000749a00000| Untracked 
|  12|0x0000000749c00000, 0x0000000749c00000, 0x0000000749e00000|  0%| F|  |TAMS 0x0000000749c00000, 0x0000000749c00000| Untracked 
|  13|0x0000000749e00000, 0x0000000749e00000, 0x000000074a000000|  0%| F|  |TAMS 0x0000000749e00000, 0x0000000749e00000| Untracked 
|  14|0x000000074a000000, 0x000000074a000000, 0x000000074a200000|  0%| F|  |TAMS 0x000000074a000000, 0x000000074a000000| Untracked 
|  15|0x000000074a200000, 0x000000074a200000, 0x000000074a400000|  0%| F|  |TAMS 0x000000074a200000, 0x000000074a200000| Untracked 
|  16|0x000000074a400000, 0x000000074a400000, 0x000000074a600000|  0%| F|  |TAMS 0x000000074a400000, 0x000000074a400000| Untracked 
|  17|0x000000074a600000, 0x000000074a600000, 0x000000074a800000|  0%| F|  |TAMS 0x000000074a600000, 0x000000074a600000| Untracked 
|  18|0x000000074a800000, 0x000000074a800000, 0x000000074aa00000|  0%| F|  |TAMS 0x000000074a800000, 0x000000074a800000| Untracked 
|  19|0x000000074aa00000, 0x000000074aa00000, 0x000000074ac00000|  0%| F|  |TAMS 0x000000074aa00000, 0x000000074aa00000| Untracked 
|  20|0x000000074ac00000, 0x000000074ac00000, 0x000000074ae00000|  0%| F|  |TAMS 0x000000074ac00000, 0x000000074ac00000| Untracked 
|  21|0x000000074ae00000, 0x000000074ae00000, 0x000000074b000000|  0%| F|  |TAMS 0x000000074ae00000, 0x000000074ae00000| Untracked 
|  22|0x000000074b000000, 0x000000074b000000, 0x000000074b200000|  0%| F|  |TAMS 0x000000074b000000, 0x000000074b000000| Untracked 
|  23|0x000000074b200000, 0x000000074b200000, 0x000000074b400000|  0%| F|  |TAMS 0x000000074b200000, 0x000000074b200000| Untracked 
|  24|0x000000074b400000, 0x000000074b400000, 0x000000074b600000|  0%| F|  |TAMS 0x000000074b400000, 0x000000074b400000| Untracked 
|  25|0x000000074b600000, 0x000000074b600000, 0x000000074b800000|  0%| F|  |TAMS 0x000000074b600000, 0x000000074b600000| Untracked 
|  86|0x0000000753000000, 0x000000075304b3c0, 0x0000000753200000| 14%| S|CS|TAMS 0x0000000753000000, 0x0000000753000000| Complete 
|  87|0x0000000753200000, 0x0000000753400000, 0x0000000753400000|100%| S|CS|TAMS 0x0000000753200000, 0x0000000753200000| Complete 
|  91|0x0000000753a00000, 0x0000000753afd4f0, 0x0000000753c00000| 49%| E|  |TAMS 0x0000000753a00000, 0x0000000753a00000| Complete 

Card table byte_map: [0x00000165b61e0000,0x00000165b67a0000] _byte_map_base: 0x00000165b279e000

Marking Bits (Prev, Next): (CMBitMap*) 0x00000165a2f287d0, (CMBitMap*) 0x00000165a2f28790
 Prev Bits: [0x00000165b9b50000, 0x00000165bc940000)
 Next Bits: [0x00000165b6d60000, 0x00000165b9b50000)

Polling page: 0x00000165a26b0000

Metaspace:

Usage:
  Non-class:     31.06 MB capacity,    30.84 MB (>99%) used,   178.07 KB ( <1%) free+waste,    48.69 KB ( <1%) overhead. 
      Class:      4.21 MB capacity,     4.08 MB ( 97%) used,   116.86 KB (  3%) free+waste,    18.31 KB ( <1%) overhead. 
       Both:     35.27 MB capacity,    34.92 MB ( 99%) used,   294.93 KB ( <1%) free+waste,    67.00 KB ( <1%) overhead. 

Virtual space:
  Non-class space:       32.00 MB reserved,      31.33 MB ( 98%) committed 
      Class space:        1.00 GB reserved,       4.25 MB ( <1%) committed 
             Both:        1.03 GB reserved,      35.58 MB (  3%) committed 

Chunk freelists:
   Non-Class:  51.00 KB
       Class:  5.00 KB
        Both:  56.00 KB

MaxMetaspaceSize: 17179869184.00 GB
CompressedClassSpaceSize: 1.00 GB

CodeHeap 'non-profiled nmethods': size=120000Kb used=1824Kb max_used=1824Kb free=118175Kb
 bounds [0x00000165ae3c0000, 0x00000165ae630000, 0x00000165b58f0000]
CodeHeap 'profiled nmethods': size=120000Kb used=7782Kb max_used=7782Kb free=112217Kb
 bounds [0x00000165a6e90000, 0x00000165a7630000, 0x00000165ae3c0000]
CodeHeap 'non-nmethods': size=5760Kb used=1201Kb max_used=1268Kb free=4558Kb
 bounds [0x00000165a68f0000, 0x00000165a6b60000, 0x00000165a6e90000]
 total_blobs=4025 nmethods=3565 adapters=372
 compilation: enabled
              stopped_count=0, restarted_count=0
 full_count=0

Compilation events (20 events):
Event: 3.062 Thread 0x00000165bfc3c3d0 3502       3       java.util.HashMap::valuesToArray (81 bytes)
Event: 3.063 Thread 0x00000165bfc3c3d0 nmethod 3502 0x00000165a75f4910 code [0x00000165a75f4ae0, 0x00000165a75f4fb8]
Event: 3.063 Thread 0x00000165bfc3c3d0 3503       3       org.springframework.core.annotation.TypeMappedAnnotations$AggregatesSpliterator::tryAdvance (64 bytes)
Event: 3.063 Thread 0x00000165bfc3c3d0 nmethod 3503 0x00000165a75f5190 code [0x00000165a75f5380, 0x00000165a75f58a8]
Event: 3.064 Thread 0x00000165bfc3c3d0 3505       3       java.lang.Math::min (46 bytes)
Event: 3.064 Thread 0x00000165bfc3c3d0 nmethod 3505 0x00000165a75f5a10 code [0x00000165a75f5bc0, 0x00000165a75f5eb8]
Event: 3.064 Thread 0x00000165bfc3c3d0 3506       3       sun.reflect.generics.reflectiveObjects.WildcardTypeImpl::getLowerBounds (34 bytes)
Event: 3.066 Thread 0x00000165bfc3c3d0 nmethod 3506 0x00000165a75f5f90 code [0x00000165a75f6160, 0x00000165a75f67d8]
Event: 3.066 Thread 0x00000165bfc3c3d0 3507       3       sun.reflect.generics.reflectiveObjects.WildcardTypeImpl::getUpperBounds (34 bytes)
Event: 3.067 Thread 0x00000165bfc3c3d0 nmethod 3507 0x00000165a75f6910 code [0x00000165a75f6ae0, 0x00000165a75f7158]
Event: 3.067 Thread 0x00000165bfc3c3d0 3508       1       java.beans.Introspector::getTargetDefaultEventIndex (5 bytes)
Event: 3.067 Thread 0x00000165bfc3c3d0 nmethod 3508 0x00000165ae586f10 code [0x00000165ae5870a0, 0x00000165ae587158]
Event: 3.067 Thread 0x00000165bfc3c3d0 3509       1       java.beans.Introspector::getTargetDefaultPropertyIndex (5 bytes)
Event: 3.067 Thread 0x00000165bfc3c3d0 nmethod 3509 0x00000165ae587210 code [0x00000165ae5873a0, 0x00000165ae587458]
Event: 3.067 Thread 0x00000165bfc3c3d0 3510       1       java.beans.GenericBeanInfo::getPropertyDescriptors (5 bytes)
Event: 3.067 Thread 0x00000165bfc3c3d0 nmethod 3510 0x00000165ae587510 code [0x00000165ae5876a0, 0x00000165ae587758]
Event: 3.067 Thread 0x00000165bfc3c3d0 3511       3       org.springframework.core.ResolvableType::getNested (121 bytes)
Event: 3.068 Thread 0x00000165bfc3c3d0 nmethod 3511 0x00000165a75f7290 code [0x00000165a75f7540, 0x00000165a75f8708]
Event: 3.069 Thread 0x00000165bfc3c3d0 3512       3       java.lang.invoke.InvokerBytecodeGenerator::isStaticallyNameable (157 bytes)
Event: 3.071 Thread 0x00000165bfc3c3d0 nmethod 3512 0x00000165a75f8d10 code [0x00000165a75f91a0, 0x00000165a75fb408]

GC Heap History (16 events):
Event: 0.723 GC heap before
{Heap before GC invocations=0 (full 0):
 garbage-first heap   total 188416K, used 20480K [0x0000000748400000, 0x0000000800000000)
  region size 2048K, 11 young (22528K), 0 survivors (0K)
 Metaspace       used 12580K, capacity 12784K, committed 12928K, reserved 1060864K
  class space    used 1287K, capacity 1336K, committed 1408K, reserved 1048576K
}
Event: 0.729 GC heap after
{Heap after GC invocations=1 (full 0):
 garbage-first heap   total 188416K, used 6182K [0x0000000748400000, 0x0000000800000000)
  region size 2048K, 2 young (4096K), 2 survivors (4096K)
 Metaspace       used 12580K, capacity 12784K, committed 12928K, reserved 1060864K
  class space    used 1287K, capacity 1336K, committed 1408K, reserved 1048576K
}
Event: 1.308 GC heap before
{Heap before GC invocations=1 (full 0):
 garbage-first heap   total 188416K, used 30758K [0x0000000748400000, 0x0000000800000000)
  region size 2048K, 14 young (28672K), 2 survivors (4096K)
 Metaspace       used 19543K, capacity 19737K, committed 19840K, reserved 1067008K
  class space    used 2108K, capacity 2159K, committed 2176K, reserved 1048576K
}
Event: 1.316 GC heap after
{Heap after GC invocations=2 (full 0):
 garbage-first heap   total 188416K, used 8580K [0x0000000748400000, 0x0000000800000000)
  region size 2048K, 2 young (4096K), 2 survivors (4096K)
 Metaspace       used 19543K, capacity 19737K, committed 19840K, reserved 1067008K
  class space    used 2108K, capacity 2159K, committed 2176K, reserved 1048576K
}
Event: 1.493 GC heap before
{Heap before GC invocations=2 (full 0):
 garbage-first heap   total 188416K, used 14724K [0x0000000748400000, 0x0000000800000000)
  region size 2048K, 6 young (12288K), 2 survivors (4096K)
 Metaspace       used 20959K, capacity 21167K, committed 21296K, reserved 1069056K
  class space    used 2333K, capacity 2400K, committed 2432K, reserved 1048576K
}
Event: 1.496 GC heap after
{Heap after GC invocations=3 (full 0):
 garbage-first heap   total 188416K, used 9060K [0x0000000748400000, 0x0000000800000000)
  region size 2048K, 2 young (4096K), 2 survivors (4096K)
 Metaspace       used 20959K, capacity 21167K, committed 21296K, reserved 1069056K
  class space    used 2333K, capacity 2400K, committed 2432K, reserved 1048576K
}
Event: 1.729 GC heap before
{Heap before GC invocations=4 (full 0):
 garbage-first heap   total 49152K, used 33636K [0x0000000748400000, 0x0000000800000000)
  region size 2048K, 14 young (28672K), 2 survivors (4096K)
 Metaspace       used 26582K, capacity 26809K, committed 27184K, reserved 1073152K
  class space    used 2993K, capacity 3087K, committed 3200K, reserved 1048576K
}
Event: 1.732 GC heap after
{Heap after GC invocations=5 (full 0):
 garbage-first heap   total 49152K, used 10012K [0x0000000748400000, 0x0000000800000000)
  region size 2048K, 1 young (2048K), 1 survivors (2048K)
 Metaspace       used 26582K, capacity 26809K, committed 27184K, reserved 1073152K
  class space    used 2993K, capacity 3087K, committed 3200K, reserved 1048576K
}
Event: 1.794 GC heap before
{Heap before GC invocations=5 (full 0):
 garbage-first heap   total 49152K, used 28444K [0x0000000748400000, 0x0000000800000000)
  region size 2048K, 11 young (22528K), 1 survivors (2048K)
 Metaspace       used 27307K, capacity 27562K, committed 27696K, reserved 1073152K
  class space    used 3106K, capacity 3190K, committed 3200K, reserved 1048576K
}
Event: 1.797 GC heap after
{Heap after GC invocations=6 (full 0):
 garbage-first heap   total 49152K, used 10722K [0x0000000748400000, 0x0000000800000000)
  region size 2048K, 2 young (4096K), 2 survivors (4096K)
 Metaspace       used 27307K, capacity 27562K, committed 27696K, reserved 1073152K
  class space    used 3106K, capacity 3190K, committed 3200K, reserved 1048576K
}
Event: 1.804 GC heap before
{Heap before GC invocations=6 (full 0):
 garbage-first heap   total 49152K, used 29154K [0x0000000748400000, 0x0000000800000000)
  region size 2048K, 12 young (24576K), 2 survivors (4096K)
 Metaspace       used 27349K, capacity 27594K, committed 27824K, reserved 1073152K
  class space    used 3112K, capacity 3222K, committed 3328K, reserved 1048576K
}
Event: 1.806 GC heap after
{Heap after GC invocations=7 (full 0):
 garbage-first heap   total 49152K, used 10755K [0x0000000748400000, 0x0000000800000000)
  region size 2048K, 1 young (2048K), 1 survivors (2048K)
 Metaspace       used 27349K, capacity 27594K, committed 27824K, reserved 1073152K
  class space    used 3112K, capacity 3222K, committed 3328K, reserved 1048576K
}
Event: 2.170 GC heap before
{Heap before GC invocations=7 (full 0):
 garbage-first heap   total 49152K, used 31235K [0x0000000748400000, 0x0000000800000000)
  region size 2048K, 11 young (22528K), 1 survivors (2048K)
 Metaspace       used 29207K, capacity 29495K, committed 29744K, reserved 1075200K
  class space    used 3306K, capacity 3380K, committed 3456K, reserved 1048576K
}
Event: 2.173 GC heap after
{Heap after GC invocations=8 (full 0):
 garbage-first heap   total 49152K, used 11888K [0x0000000748400000, 0x0000000800000000)
  region size 2048K, 2 young (4096K), 2 survivors (4096K)
 Metaspace       used 29207K, capacity 29495K, committed 29744K, reserved 1075200K
  class space    used 3306K, capacity 3380K, committed 3456K, reserved 1048576K
}
Event: 2.670 GC heap before
{Heap before GC invocations=8 (full 0):
 garbage-first heap   total 49152K, used 32368K [0x0000000748400000, 0x0000000800000000)
  region size 2048K, 12 young (24576K), 2 survivors (4096K)
 Metaspace       used 32369K, capacity 32704K, committed 33072K, reserved 1079296K
  class space    used 3736K, capacity 3847K, committed 3968K, reserved 1048576K
}
Event: 2.675 GC heap after
{Heap after GC invocations=9 (full 0):
 garbage-first heap   total 49152K, used 12807K [0x0000000748400000, 0x0000000800000000)
  region size 2048K, 2 young (4096K), 2 survivors (4096K)
 Metaspace       used 32369K, capacity 32704K, committed 33072K, reserved 1079296K
  class space    used 3736K, capacity 3847K, committed 3968K, reserved 1048576K
}

Deoptimization events (20 events):
Event: 2.973 Thread 0x00000165a2ee5a60 DEOPT PACKING pc=0x00000165ae4b03cc sp=0x0000000b4cff9420
Event: 2.973 Thread 0x00000165a2ee5a60 DEOPT UNPACKING pc=0x00000165a693e42f sp=0x0000000b4cff9390 mode 2
Event: 2.976 Thread 0x00000165a2ee5a60 Uncommon trap: trap_request=0xfffffff4 fr.pc=0x00000165ae536088 relative=0x00000000000006c8
Event: 2.976 Thread 0x00000165a2ee5a60 Uncommon trap: reason=null_check action=make_not_entrant pc=0x00000165ae536088 method=org.springframework.beans.factory.support.DefaultListableBeanFactory.getBeanDefinition(Ljava/lang/String;)Lorg/springframework/beans/factory/config/BeanDefinition; @ 10 
Event: 2.976 Thread 0x00000165a2ee5a60 DEOPT PACKING pc=0x00000165ae536088 sp=0x0000000b4cff9e60
Event: 2.976 Thread 0x00000165a2ee5a60 DEOPT UNPACKING pc=0x00000165a693e42f sp=0x0000000b4cff9d98 mode 2
Event: 3.002 Thread 0x00000165a2ee5a60 DEOPT PACKING pc=0x00000165a6fc58a0 sp=0x0000000b4cff80d0
Event: 3.002 Thread 0x00000165a2ee5a60 DEOPT UNPACKING pc=0x00000165a693e23f sp=0x0000000b4cff7540 mode 0
Event: 3.030 Thread 0x00000165a2ee5a60 Uncommon trap: trap_request=0xffffffde fr.pc=0x00000165ae4b03cc relative=0x00000000000010ac
Event: 3.030 Thread 0x00000165a2ee5a60 Uncommon trap: reason=class_check action=maybe_recompile pc=0x00000165ae4b03cc method=java.util.concurrent.ConcurrentHashMap.putVal(Ljava/lang/Object;Ljava/lang/Object;Z)Ljava/lang/Object; @ 242 c2
Event: 3.030 Thread 0x00000165a2ee5a60 DEOPT PACKING pc=0x00000165ae4b03cc sp=0x0000000b4cffaa20
Event: 3.030 Thread 0x00000165a2ee5a60 DEOPT UNPACKING pc=0x00000165a693e42f sp=0x0000000b4cffa990 mode 2
Event: 3.033 Thread 0x00000165a2ee5a60 Uncommon trap: trap_request=0xffffffde fr.pc=0x00000165ae4b03cc relative=0x00000000000010ac
Event: 3.033 Thread 0x00000165a2ee5a60 Uncommon trap: reason=class_check action=maybe_recompile pc=0x00000165ae4b03cc method=java.util.concurrent.ConcurrentHashMap.putVal(Ljava/lang/Object;Ljava/lang/Object;Z)Ljava/lang/Object; @ 242 c2
Event: 3.033 Thread 0x00000165a2ee5a60 DEOPT PACKING pc=0x00000165ae4b03cc sp=0x0000000b4cffaa20
Event: 3.033 Thread 0x00000165a2ee5a60 DEOPT UNPACKING pc=0x00000165a693e42f sp=0x0000000b4cffa990 mode 2
Event: 3.045 Thread 0x00000165a2ee5a60 Uncommon trap: trap_request=0xffffffde fr.pc=0x00000165ae4b03cc relative=0x00000000000010ac
Event: 3.045 Thread 0x00000165a2ee5a60 Uncommon trap: reason=class_check action=maybe_recompile pc=0x00000165ae4b03cc method=java.util.concurrent.ConcurrentHashMap.putVal(Ljava/lang/Object;Ljava/lang/Object;Z)Ljava/lang/Object; @ 242 c2
Event: 3.045 Thread 0x00000165a2ee5a60 DEOPT PACKING pc=0x00000165ae4b03cc sp=0x0000000b4cff9fe0
Event: 3.045 Thread 0x00000165a2ee5a60 DEOPT UNPACKING pc=0x00000165a693e42f sp=0x0000000b4cff9f50 mode 2

Classes unloaded (0 events):
No events

Classes redefined (0 events):
No events

Internal exceptions (20 events):
Event: 3.016 Thread 0x00000165a2ee5a60 Exception <a 'java/lang/ClassNotFoundException'{0x000000074a7ff770}: javax/sql/DataSourceCustomizer> (0x000000074a7ff770) 
thrown [./open/src/hotspot/share/classfile/systemDictionary.cpp, line 295]
Event: 3.016 Thread 0x00000165a2ee5a60 Exception <a 'java/lang/ClassNotFoundException'{0x000000074a408fb0}: javax/sql/CommonDataSourceCustomizer> (0x000000074a408fb0) 
thrown [./open/src/hotspot/share/classfile/systemDictionary.cpp, line 295]
Event: 3.017 Thread 0x00000165a2ee5a60 Exception <a 'java/lang/ClassNotFoundException'{0x000000074a411638}: java/sql/WrapperCustomizer> (0x000000074a411638) 
thrown [./open/src/hotspot/share/classfile/systemDictionary.cpp, line 295]
Event: 3.018 Thread 0x00000165a2ee5a60 Exception <a 'java/lang/ClassNotFoundException'{0x000000074a41aef0}: com/zaxxer/hikari/HikariConfigMXBeanCustomizer> (0x000000074a41aef0) 
thrown [./open/src/hotspot/share/classfile/systemDictionary.cpp, line 295]
Event: 3.037 Thread 0x00000165a2ee5a60 Exception <a 'java/lang/ClassNotFoundException'{0x000000074a22acd8}: java/lang/ObjectCustomizer> (0x000000074a22acd8) 
thrown [./open/src/hotspot/share/classfile/systemDictionary.cpp, line 295]
Event: 3.038 Thread 0x00000165a2ee5a60 Exception <a 'java/lang/ClassNotFoundException'{0x000000074a235f28}: org/springframework/boot/autoconfigure/jdbc/DataSourceInitializerInvokerCustomizer> (0x000000074a235f28) 
thrown [./open/src/hotspot/share/classfile/systemDictionary.cpp, line 295]
Event: 3.040 Thread 0x00000165a2ee5a60 Exception <a 'java/lang/ClassNotFoundException'{0x000000074a257430}: org/springframework/context/ApplicationListenerCustomizer> (0x000000074a257430) 
thrown [./open/src/hotspot/share/classfile/systemDictionary.cpp, line 295]
Event: 3.041 Thread 0x00000165a2ee5a60 Exception <a 'java/lang/ClassNotFoundException'{0x000000074a25c710}: java/util/EventListenerCustomizer> (0x000000074a25c710) 
thrown [./open/src/hotspot/share/classfile/systemDictionary.cpp, line 295]
Event: 3.041 Thread 0x00000165a2ee5a60 Exception <a 'java/lang/ClassNotFoundException'{0x000000074a264120}: org/springframework/beans/factory/InitializingBeanCustomizer> (0x000000074a264120) 
thrown [./open/src/hotspot/share/classfile/systemDictionary.cpp, line 295]
Event: 3.048 Thread 0x00000165a2ee5a60 Exception <a 'java/lang/ClassNotFoundException'{0x000000074a297d28}: java/lang/ObjectCustomizer> (0x000000074a297d28) 
thrown [./open/src/hotspot/share/classfile/systemDictionary.cpp, line 295]
Event: 3.048 Thread 0x00000165a2ee5a60 Exception <a 'java/lang/ClassNotFoundException'{0x000000074a2a23c0}: org/springframework/boot/autoconfigure/orm/jpa/JpaPropertiesCustomizer> (0x000000074a2a23c0) 
thrown [./open/src/hotspot/share/classfile/systemDictionary.cpp, line 295]
Event: 3.053 Thread 0x00000165a2ee5a60 Exception <a 'java/lang/ClassNotFoundException'{0x000000074a2f6df0}: java/lang/ObjectCustomizer> (0x000000074a2f6df0) 
thrown [./open/src/hotspot/share/classfile/systemDictionary.cpp, line 295]
Event: 3.061 Thread 0x00000165a2ee5a60 Exception <a 'java/lang/ClassNotFoundException'{0x000000074a33f2f0}: java/lang/ObjectCustomizer> (0x000000074a33f2f0) 
thrown [./open/src/hotspot/share/classfile/systemDictionary.cpp, line 295]
Event: 3.062 Thread 0x00000165a2ee5a60 Exception <a 'java/lang/ClassNotFoundException'{0x000000074a34bce0}: org/springframework/boot/autoconfigure/jdbc/metadata/DataSourcePoolMetadataProvidersConfiguration$HikariPoolDataSourceMetadataProviderConfigurationCustomizer> (0x000000074a34bce0) 
thrown [./open/src/hotspot/share/classfile/systemDictionary.cpp, line 295]
Event: 3.064 Thread 0x00000165a2ee5a60 Exception <a 'java/lang/ClassNotFoundException'{0x000000074a355ff0}: java/lang/ObjectCustomizer> (0x000000074a355ff0) 
thrown [./open/src/hotspot/share/classfile/systemDictionary.cpp, line 295]
Event: 3.064 Thread 0x00000165a2ee5a60 Exception <a 'java/lang/ClassNotFoundException'{0x000000074a35a820}: org.springframework.boot.autoconfigure.jdbc.metadata.DataSourcePoolMetadataProvidersConfiguration$HikariPoolDataSourceMetadataProviderConfiguration$$Lambda$784/0x00000008003fdfb0Customizer> (0x000000074a35a820) 
thrown [./open/src/hotspot/share/prims/jni.cpp, line 599]
Event: 3.064 Thread 0x00000165a2ee5a60 Exception <a 'java/lang/ClassNotFoundException'{0x000000074a35b678}: org.springframework.boot.autoconfigure.jdbc.metadata.DataSourcePoolMetadataProvidersConfiguration$HikariPoolDataSourceMetadataProviderConfiguration$$Lambda$784/0x00000008003fdfb0Customizer> (0x000000074a35b678) 
thrown [./open/src/hotspot/share/prims/jni.cpp, line 599]
Event: 3.064 Thread 0x00000165a2ee5a60 Exception <a 'java/lang/ClassNotFoundException'{0x000000074a35c4d0}: org.springframework.boot.autoconfigure.jdbc.metadata.DataSourcePoolMetadataProvidersConfiguration$HikariPoolDataSourceMetadataProviderConfiguration$$Lambda$784/0x00000008003fdfb0Customizer> (0x000000074a35c4d0) 
thrown [./open/src/hotspot/share/prims/jni.cpp, line 599]
Event: 3.065 Thread 0x00000165a2ee5a60 Exception <a 'java/lang/ClassNotFoundException'{0x000000074a366980}: org/springframework/boot/jdbc/metadata/DataSourcePoolMetadataProviderCustomizer> (0x000000074a366980) 
thrown [./open/src/hotspot/share/classfile/systemDictionary.cpp, line 295]
Event: 3.069 Thread 0x00000165a2ee5a60 Exception <a 'java/lang/NoSuchMethodError'{0x000000074a388140}: 'int java.lang.invoke.DirectMethodHandle$Holder.invokeSpecial(java.lang.Object, java.lang.Object, java.lang.Object, java.lang.Object, java.lang.Object)'> (0x000000074a388140) 
thrown [./open/src/hotspot/share/interpreter/linkResolver.cpp, line 782]

Events (20 events):
Event: 3.048 loading class java/lang/ObjectCustomizer
Event: 3.048 loading class java/lang/ObjectCustomizer done
Event: 3.053 loading class java/lang/ObjectCustomizer
Event: 3.053 loading class java/lang/ObjectCustomizer done
Event: 3.053 loading class java/lang/ObjectCustomizer
Event: 3.053 loading class java/lang/ObjectCustomizer done
Event: 3.054 loading class java/awt/Component
Event: 3.055 loading class java/awt/image/ImageObserver
Event: 3.055 loading class java/awt/image/ImageObserver done
Event: 3.055 loading class java/awt/MenuContainer
Event: 3.055 loading class java/awt/MenuContainer done
Event: 3.055 loading class java/awt/Component done
Event: 3.061 loading class java/lang/ObjectCustomizer
Event: 3.061 loading class java/lang/ObjectCustomizer done
Event: 3.061 loading class java/lang/ObjectCustomizer
Event: 3.061 loading class java/lang/ObjectCustomizer done
Event: 3.064 loading class java/lang/ObjectCustomizer
Event: 3.064 loading class java/lang/ObjectCustomizer done
Event: 3.064 loading class java/lang/ObjectCustomizer
Event: 3.064 loading class java/lang/ObjectCustomizer done


Dynamic libraries:
0x00007ff6a0d10000 - 0x00007ff6a0d1d000 	E:\Program Files (x86)\sts-4.10.0.RELEASE\plugins\org.eclipse.justj.openjdk.hotspot.jre.full.win32.x86_64_15.0.2.v20210201-0955\jre\bin\javaw.exe
0x00007ffaeb190000 - 0x00007ffaeb385000 	C:\Windows\SYSTEM32\ntdll.dll
0x00007ffae9890000 - 0x00007ffae994d000 	C:\Windows\System32\KERNEL32.DLL
0x00007ffae8f20000 - 0x00007ffae91e8000 	C:\Windows\System32\KERNELBASE.dll
0x00007ffae8dc0000 - 0x00007ffae8ec0000 	C:\Windows\System32\ucrtbase.dll
0x00007ffac9980000 - 0x00007ffac9998000 	E:\Program Files (x86)\sts-4.10.0.RELEASE\plugins\org.eclipse.justj.openjdk.hotspot.jre.full.win32.x86_64_15.0.2.v20210201-0955\jre\bin\jli.dll
0x00007ffac9960000 - 0x00007ffac9979000 	E:\Program Files (x86)\sts-4.10.0.RELEASE\plugins\org.eclipse.justj.openjdk.hotspot.jre.full.win32.x86_64_15.0.2.v20210201-0955\jre\bin\VCRUNTIME140.dll
0x00007ffaeafb0000 - 0x00007ffaeb150000 	C:\Windows\System32\USER32.dll
0x00007ffae8ef0000 - 0x00007ffae8f12000 	C:\Windows\System32\win32u.dll
0x00007ffadc300000 - 0x00007ffadc59a000 	C:\Windows\WinSxS\amd64_microsoft.windows.common-controls_6595b64144ccf1df_6.0.19041.844_none_ca00b6081b84eb1d\COMCTL32.dll
0x00007ffae91f0000 - 0x00007ffae928e000 	C:\Windows\System32\msvcrt.dll
0x00007ffaeac50000 - 0x00007ffaeac7a000 	C:\Windows\System32\GDI32.dll
0x00007ffae88d0000 - 0x00007ffae89db000 	C:\Windows\System32\gdi32full.dll
0x00007ffae8ac0000 - 0x00007ffae8b5d000 	C:\Windows\System32\msvcp_win.dll
0x00007ffaea490000 - 0x00007ffaea4c0000 	C:\Windows\System32\IMM32.DLL
0x00007ffad0870000 - 0x00007ffad087c000 	E:\Program Files (x86)\sts-4.10.0.RELEASE\plugins\org.eclipse.justj.openjdk.hotspot.jre.full.win32.x86_64_15.0.2.v20210201-0955\jre\bin\vcruntime140_1.dll
0x00007ffac9820000 - 0x00007ffac98b1000 	E:\Program Files (x86)\sts-4.10.0.RELEASE\plugins\org.eclipse.justj.openjdk.hotspot.jre.full.win32.x86_64_15.0.2.v20210201-0955\jre\bin\msvcp140.dll
0x00007ffa8dfe0000 - 0x00007ffa8eb3e000 	E:\Program Files (x86)\sts-4.10.0.RELEASE\plugins\org.eclipse.justj.openjdk.hotspot.jre.full.win32.x86_64_15.0.2.v20210201-0955\jre\bin\server\jvm.dll
0x00007ffaeaf00000 - 0x00007ffaeafac000 	C:\Windows\System32\ADVAPI32.dll
0x00007ffaea740000 - 0x00007ffaea7db000 	C:\Windows\System32\sechost.dll
0x00007ffaea4d0000 - 0x00007ffaea5fb000 	C:\Windows\System32\RPCRT4.dll
0x00007ffaea4c0000 - 0x00007ffaea4c8000 	C:\Windows\System32\PSAPI.DLL
0x00007ffacff60000 - 0x00007ffacff69000 	C:\Windows\SYSTEM32\WSOCK32.dll
0x00007ffadbee0000 - 0x00007ffadbf07000 	C:\Windows\SYSTEM32\WINMM.dll
0x00007ffae7760000 - 0x00007ffae776a000 	C:\Windows\SYSTEM32\VERSION.dll
0x00007ffaea300000 - 0x00007ffaea36b000 	C:\Windows\System32\WS2_32.dll
0x00007ffae7720000 - 0x00007ffae7732000 	C:\Windows\SYSTEM32\kernel.appcore.dll
0x00007ffae5fd0000 - 0x00007ffae5fda000 	E:\Program Files (x86)\sts-4.10.0.RELEASE\plugins\org.eclipse.justj.openjdk.hotspot.jre.full.win32.x86_64_15.0.2.v20210201-0955\jre\bin\jimage.dll
0x00007fface160000 - 0x00007fface344000 	C:\Windows\SYSTEM32\DBGHELP.DLL
0x00007fface040000 - 0x00007fface06c000 	C:\Windows\SYSTEM32\dbgcore.DLL
0x00007ffae8a40000 - 0x00007ffae8ac0000 	C:\Windows\System32\bcryptPrimitives.dll
0x00007ffacce90000 - 0x00007ffacceb5000 	E:\Program Files (x86)\sts-4.10.0.RELEASE\plugins\org.eclipse.justj.openjdk.hotspot.jre.full.win32.x86_64_15.0.2.v20210201-0955\jre\bin\java.dll
0x00007ffadaec0000 - 0x00007ffadaed8000 	E:\Program Files (x86)\sts-4.10.0.RELEASE\plugins\org.eclipse.justj.openjdk.hotspot.jre.full.win32.x86_64_15.0.2.v20210201-0955\jre\bin\zip.dll
0x00007ffae9a00000 - 0x00007ffaea142000 	C:\Windows\System32\SHELL32.dll
0x00007ffae6f90000 - 0x00007ffae7720000 	C:\Windows\SYSTEM32\windows.storage.dll
0x00007ffae9530000 - 0x00007ffae9885000 	C:\Windows\System32\combase.dll
0x00007ffae8340000 - 0x00007ffae836c000 	C:\Windows\SYSTEM32\Wldp.dll
0x00007ffae9950000 - 0x00007ffae99fe000 	C:\Windows\System32\SHCORE.dll
0x00007ffaea6e0000 - 0x00007ffaea735000 	C:\Windows\System32\shlwapi.dll
0x00007ffae8810000 - 0x00007ffae882f000 	C:\Windows\SYSTEM32\profapi.dll
0x00007ffad8de0000 - 0x00007ffad8df9000 	E:\Program Files (x86)\sts-4.10.0.RELEASE\plugins\org.eclipse.justj.openjdk.hotspot.jre.full.win32.x86_64_15.0.2.v20210201-0955\jre\bin\net.dll
0x00007ffae0250000 - 0x00007ffae035b000 	C:\Windows\SYSTEM32\WINHTTP.dll
0x00007ffae80b0000 - 0x00007ffae811a000 	C:\Windows\system32\mswsock.dll
0x00007ffad6610000 - 0x00007ffad6622000 	E:\Program Files (x86)\sts-4.10.0.RELEASE\plugins\org.eclipse.justj.openjdk.hotspot.jre.full.win32.x86_64_15.0.2.v20210201-0955\jre\bin\nio.dll
0x00007ffae5fc0000 - 0x00007ffae5fd0000 	E:\Program Files (x86)\sts-4.10.0.RELEASE\plugins\org.eclipse.justj.openjdk.hotspot.jre.full.win32.x86_64_15.0.2.v20210201-0955\jre\bin\verify.dll
0x00007ffae7d50000 - 0x00007ffae7d8b000 	C:\Windows\SYSTEM32\IPHLPAPI.DLL
0x00007ffaea480000 - 0x00007ffaea488000 	C:\Windows\System32\NSI.dll
0x00007ffade100000 - 0x00007ffade117000 	C:\Windows\SYSTEM32\dhcpcsvc6.DLL
0x00007ffade0e0000 - 0x00007ffade0fd000 	C:\Windows\SYSTEM32\dhcpcsvc.DLL
0x00007ffae7d90000 - 0x00007ffae7e5c000 	C:\Windows\SYSTEM32\DNSAPI.dll
0x00007ffad6b40000 - 0x00007ffad6b49000 	E:\Program Files (x86)\sts-4.10.0.RELEASE\plugins\org.eclipse.justj.openjdk.hotspot.jre.full.win32.x86_64_15.0.2.v20210201-0955\jre\bin\management.dll
0x00007ffad2630000 - 0x00007ffad263b000 	E:\Program Files (x86)\sts-4.10.0.RELEASE\plugins\org.eclipse.justj.openjdk.hotspot.jre.full.win32.x86_64_15.0.2.v20210201-0955\jre\bin\management_ext.dll
0x00007ffacc760000 - 0x00007ffacc777000 	C:\Windows\system32\napinsp.dll
0x00007ffacb760000 - 0x00007ffacb77b000 	C:\Windows\system32\pnrpnsp.dll
0x00007ffaca660000 - 0x00007ffaca675000 	C:\Windows\system32\wshbth.dll
0x00007ffae41c0000 - 0x00007ffae41dd000 	C:\Windows\system32\NLAapi.dll
0x00007ffac92e0000 - 0x00007ffac92f2000 	C:\Windows\System32\winrnr.dll
0x00007ffaddf90000 - 0x00007ffaddf9a000 	C:\Windows\System32\rasadhlp.dll
0x00007ffade8d0000 - 0x00007ffade94f000 	C:\Windows\System32\fwpuclnt.dll
0x00007ffae8ec0000 - 0x00007ffae8ee7000 	C:\Windows\System32\bcrypt.dll

dbghelp: loaded successfully - version: 4.0.5 - missing functions: none
symbol engine: initialized successfully - sym options: 0x614 - pdb path: .;E:\Program Files (x86)\sts-4.10.0.RELEASE\plugins\org.eclipse.justj.openjdk.hotspot.jre.full.win32.x86_64_15.0.2.v20210201-0955\jre\bin;C:\Windows\SYSTEM32;C:\Windows\WinSxS\amd64_microsoft.windows.common-controls_6595b64144ccf1df_6.0.19041.844_none_ca00b6081b84eb1d;E:\Program Files (x86)\sts-4.10.0.RELEASE\plugins\org.eclipse.justj.openjdk.hotspot.jre.full.win32.x86_64_15.0.2.v20210201-0955\jre\bin\server

VM Arguments:
jvm_args: -ea -Dfile.encoding=UTF-8 -XX:+ShowCodeDetailsInExceptionMessages 
java_command: org.eclipse.jdt.internal.junit.runner.RemoteTestRunner -version 3 -port 57608 -testLoaderClass org.eclipse.jdt.internal.junit5.runner.JUnit5TestLoader -loaderpluginname org.eclipse.jdt.junit5.runtime -packageNameFile C:\Users\wagne\AppData\Local\Temp\packageNames15561821554770336392.txt
java_class_path (initial): C:\workspaces\ws-devsuperior\bds01\target\test-classes;C:\workspaces\ws-devsuperior\bds01\target\classes;C:\Users\wagne\.m2\repository\org\springframework\boot\spring-boot-starter-data-jpa\2.4.5\spring-boot-starter-data-jpa-2.4.5.jar;C:\Users\wagne\.m2\repository\org\springframework\boot\spring-boot-starter-aop\2.4.5\spring-boot-starter-aop-2.4.5.jar;C:\Users\wagne\.m2\repository\org\springframework\spring-aop\5.3.6\spring-aop-5.3.6.jar;C:\Users\wagne\.m2\repository\org\aspectj\aspectjweaver\1.9.6\aspectjweaver-1.9.6.jar;C:\Users\wagne\.m2\repository\org\springframework\boot\spring-boot-starter-jdbc\2.4.5\spring-boot-starter-jdbc-2.4.5.jar;C:\Users\wagne\.m2\repository\com\zaxxer\HikariCP\3.4.5\HikariCP-3.4.5.jar;C:\Users\wagne\.m2\repository\org\springframework\spring-jdbc\5.3.6\spring-jdbc-5.3.6.jar;C:\Users\wagne\.m2\repository\jakarta\transaction\jakarta.transaction-api\1.3.3\jakarta.transaction-api-1.3.3.jar;C:\Users\wagne\.m2\repository\jakarta\persistence\jakarta.persistence-api\2.2.3\jakarta.persistence-api-2.2.3.jar;C:\Users\wagne\.m2\repository\org\hibernate\hibernate-core\5.4.30.Final\hibernate-core-5.4.30.Final.jar;C:\Users\wagne\.m2\repository\org\jboss\logging\jboss-logging\3.4.1.Final\jboss-logging-3.4.1.Final.jar;C:\Users\wagne\.m2\repository\org\javassist\javassist\3.27.0-GA\javassist-3.27.0-GA.jar;C:\Users\wagne\.m2\repository\net\bytebuddy\byte-buddy\1.10.22\byte-buddy-1.10.22.jar;C:\Users\wagne\.m2\repository\antlr\antlr\2.7.7\antlr-2.7.7.jar;C:\Users\wagne\.m2\repository\org\jboss\jandex\2.2.3.Final\jandex-2.2.3.Final.jar;C:\Users\wagne\.m2\repository\com\fasterxml\classmate\1.5.1\classmate-1.5.1.jar;C:\Users\wagne\.m2\repository\org\dom4j\dom4j\2.1.3\dom4j-2.1.3.jar;C:\Users\wagne\.m2\repository\org\hibernate\common\hibernate-commons-annotations\5.1.2.Final\hibernate-commons-annotations-5.1.2.Final.jar;C:\Users\wagne\.m2\repository\org\glassfish\jaxb\jaxb-runtime\2.3.4\jaxb-runtime-2.3.4.jar;C:\Users\wagne\.m2\repos
Launcher Type: SUN_STANDARD

[Global flags]
     intx CICompilerCount                          = 4                                         {product} {ergonomic}
     uint ConcGCThreads                            = 2                                         {product} {ergonomic}
     uint G1ConcRefinementThreads                  = 8                                         {product} {ergonomic}
   size_t G1HeapRegionSize                         = 2097152                                   {product} {ergonomic}
    uintx GCDrainStackTargetSize                   = 64                                        {product} {ergonomic}
   size_t InitialHeapSize                          = 192937984                                 {product} {ergonomic}
   size_t MarkStackSize                            = 4194304                                   {product} {ergonomic}
   size_t MaxHeapSize                              = 3082813440                                {product} {ergonomic}
   size_t MaxNewSize                               = 1849688064                                {product} {ergonomic}
   size_t MinHeapDeltaBytes                        = 2097152                                   {product} {ergonomic}
   size_t MinHeapSize                              = 8388608                                   {product} {ergonomic}
    uintx NonNMethodCodeHeapSize                   = 5839372                                {pd product} {ergonomic}
    uintx NonProfiledCodeHeapSize                  = 122909434                              {pd product} {ergonomic}
    uintx ProfiledCodeHeapSize                     = 122909434                              {pd product} {ergonomic}
    uintx ReservedCodeCacheSize                    = 251658240                              {pd product} {ergonomic}
     bool SegmentedCodeCache                       = true                                      {product} {ergonomic}
     bool ShowCodeDetailsInExceptionMessages       = true                                   {manageable} {command line}
   size_t SoftMaxHeapSize                          = 3082813440                             {manageable} {ergonomic}
     bool UseCompressedClassPointers               = true                                 {lp64_product} {ergonomic}
     bool UseCompressedOops                        = true                                 {lp64_product} {ergonomic}
     bool UseG1GC                                  = true                                      {product} {ergonomic}
     bool UseLargePagesIndividualAllocation        = false                                  {pd product} {ergonomic}

Logging:
Log output configuration:
 #0: stdout all=warning uptime,level,tags
 #1: stderr all=off uptime,level,tags

Environment Variables:
JAVA_HOME=C:\Program Files\Java\zulu11.48.21-ca-jdk11.0.11-win_x64
PATH=E:/Program Files (x86)/sts-4.10.0.RELEASE//plugins/org.eclipse.justj.openjdk.hotspot.jre.full.win32.x86_64_15.0.2.v20210201-0955/jre/bin/server;E:/Program Files (x86)/sts-4.10.0.RELEASE//plugins/org.eclipse.justj.openjdk.hotspot.jre.full.win32.x86_64_15.0.2.v20210201-0955/jre/bin;C:\Program Files (x86)\VMware\VMware Workstation\bin\;C:\Python39\Scripts\;C:\Python39\;C:\Program Files\Java\zulu11.48.21-ca-jdk11.0.11-win_x64\bin;C:\Program Files (x86)\Embarcadero\Studio\21.0\bin;C:\Users\Public\Documents\Embarcadero\Studio\21.0\Bpl;C:\Program Files (x86)\Embarcadero\Studio\21.0\bin64;C:\Users\Public\Documents\Embarcadero\Studio\21.0\Bpl\Win64;C:\Program Files (x86)\Common Files\Oracle\Java\javapath;C:\Program Files (x86)\Borland\Delphi7\Bin;C:\Program Files (x86)\Borland\Delphi7\Projects\Bpl\;C:\Windows\system32;C:\Windows;C:\Windows\System32\Wbem;C:\Windows\System32\WindowsPowerShell\v1.0\;C:\Windows\System32\OpenSSH\;C:\Program Files (x86)\NVIDIA Corporation\PhysX\Common;C:\Program Files\Git\cmd;C:\Program Files (x86)\Microsoft SQL Server\150\DTS\Binn\;C:\Program Files\Azure Data Studio\bin;C:\Program Files\NVIDIA Corporation\NVIDIA NvDLISR;C:\Program Files\nodejs\;C:\ProgramData\chocolatey\bin;C:\Users\wagne\AppData\Local\Microsoft\WindowsApps;;C:\Users\wagne\AppData\Local\Programs\Microsoft VS Code\bin;C:\Program Files\Azure Data Studio\bin;C:\Program Files\JetBrains\IntelliJ IDEA Community Edition 2021.1\bin;;C:\Program Files\JetBrains\IntelliJ IDEA 2021.1.1\bin;;C:\Users\wagne\AppData\Roaming\npm;C:\Program Files\heroku\bin;E:\Program Files (x86)\sts-4.10.0.RELEASE;
USERNAME=wagne
OS=Windows_NT
PROCESSOR_IDENTIFIER=Intel64 Family 6 Model 42 Stepping 7, GenuineIntel



---------------  S Y S T E M  ---------------

OS:
 Windows 10 , 64 bit Build 19041 (10.0.19041.928)
OS uptime: 0 days 22:58 hours

CPU: total 8 (initial active 8) (4 cores per cpu, 2 threads per core) family 6 model 42 stepping 7 microcode 0x2f, cmov, cx8, fxsr, mmx, sse, sse2, sse3, ssse3, sse4.1, sse4.2, popcnt, vzeroupper, avx, aes, clmul, ht, tsc, tscinvbit, clflush

Memory: 4k page, system-wide physical 11759M (3877M free)
TotalPageFile size 14831M (AvailPageFile size 3621M)
current process WorkingSet (physical memory assigned to process): 181M, peak: 183M
current process commit charge ("private bytes"): 235M, peak: 316M

vm_info: OpenJDK 64-Bit Server VM (15.0.2+7-27) for windows-amd64 JRE (15.0.2+7-27), built on Dec  7 2020 20:02:38 by "mach5one" with unknown MS VC++:1925

END.
